<?xml version="1.0" encoding="UTF-8"?>
<!-- Generated by org.testng.reporters.JUnitXMLReporter -->
<testsuite ignored="0" hostname="LAPTOP-FOE8HMU5" failures="0" tests="3" name="Test" time="160.721" errors="0" timestamp="2021-01-11T18:03:28 IST">
  <testcase classname="testscripts.TestLogin" name="amazonsignin" time="25.686"/>
  <testcase classname="testscripts.TestAddtoCart" name="addtocart" time="60.99"/>
  <testcase classname="testscripts.TestDeleteItem" name="deleteitem" time="45.62"/>
</testsuite> <!-- Test -->
