<?xml version="1.0" encoding="UTF-8"?>
<testng-results ignored="0" total="1" passed="1" failed="0" skipped="0">
  <reporter-output>
    <line>
      <![CDATA[item is deleted from cart successfully]]>
    </line>
  </reporter-output>
  <suite started-at="2021-01-11T18:41:39 IST" name="Default suite" finished-at="2021-01-11T18:42:18 IST" duration-ms="38364">
    <groups>
    </groups>
    <test started-at="2021-01-11T18:41:39 IST" name="Default test" finished-at="2021-01-11T18:42:18 IST" duration-ms="38364">
      <class name="testscripts.TestDeleteItem">
        <test-method is-config="true" signature="launchBrowserAndApplication()[pri:0, instance:testscripts.TestDeleteItem@4bb33f74]" started-at="2021-01-11T18:41:39 IST" name="launchBrowserAndApplication" finished-at="2021-01-11T18:41:48 IST" duration-ms="8555" status="PASS">
          <reporter-output>
          </reporter-output>
        </test-method> <!-- launchBrowserAndApplication -->
        <test-method signature="deleteitem()[pri:0, instance:testscripts.TestDeleteItem@4bb33f74]" started-at="2021-01-11T18:41:48 IST" name="deleteitem" finished-at="2021-01-11T18:42:17 IST" duration-ms="29073" status="PASS">
          <reporter-output>
            <line>
              <![CDATA[item is deleted from cart successfully]]>
            </line>
          </reporter-output>
        </test-method> <!-- deleteitem -->
        <test-method is-config="true" signature="closeBrowserAndApplication()[pri:0, instance:testscripts.TestDeleteItem@4bb33f74]" started-at="2021-01-11T18:42:17 IST" name="closeBrowserAndApplication" finished-at="2021-01-11T18:42:18 IST" duration-ms="707" status="PASS">
          <reporter-output>
          </reporter-output>
        </test-method> <!-- closeBrowserAndApplication -->
      </class> <!-- testscripts.TestDeleteItem -->
    </test> <!-- Default test -->
  </suite> <!-- Default suite -->
</testng-results>
